2024-10-04 11:34:09,011 [INFO] =========================================
2024-10-04 11:34:09,011 [INFO] 1-Site name: SULLIVAN CREEK AB OUTLET CR NR METALINE FALLS, WA
2024-10-04 11:34:09,013 [INFO] 1-Site number: 12396900
2024-10-04 11:34:09,053 [INFO] 1-VPUID: 1701
2024-10-04 11:34:09,058 [INFO] 1-Coordinates: -117.29, 48.85
2024-10-04 11:34:09,079 [INFO] 1-State: Washington
2024-10-04 11:34:09,080 [INFO] 1-County: Pend Oreille
2024-10-04 11:34:09,080 [INFO] =========================================
2024-10-04 11:34:09,080 [INFO] =========================================
2024-10-04 11:34:09,080 [INFO] 2-Site name: OUTLET CREEK NEAR METALINE FALLS, WA
2024-10-04 11:34:09,081 [INFO] 2-Site number: 12397100
2024-10-04 11:34:09,119 [INFO] 2-VPUID: 1701
2024-10-04 11:34:09,123 [INFO] 2-Coordinates: -117.29, 48.84
2024-10-04 11:34:09,124 [INFO] 2-State: Washington
2024-10-04 11:34:09,124 [INFO] 2-County: Pend Oreille
2024-10-04 11:34:09,125 [INFO] =========================================
2024-10-04 11:34:09,125 [INFO] =========================================
2024-10-04 11:34:09,125 [INFO] 3-Site name: SULLIVAN CREEK NEAR METALINE FALLS, WA
2024-10-04 11:34:09,126 [INFO] 3-Site number: 12397500
2024-10-04 11:34:09,163 [INFO] 3-VPUID: 1701
2024-10-04 11:34:09,167 [INFO] 3-Coordinates: -117.29, 48.85
2024-10-04 11:34:09,169 [INFO] 3-State: Washington
2024-10-04 11:34:09,169 [INFO] 3-County: Pend Oreille
2024-10-04 11:34:09,169 [INFO] =========================================
2024-10-04 11:34:09,169 [INFO] =========================================
2024-10-04 11:34:09,169 [INFO] 4-Site name: SULLIVAN CREEK AT METALINE FALLS, WA
2024-10-04 11:34:09,170 [INFO] 4-Site number: 12398000
2024-10-04 11:34:09,206 [INFO] 4-VPUID: 1701
2024-10-04 11:34:09,211 [INFO] 4-Coordinates: -117.36, 48.86
2024-10-04 11:34:09,212 [INFO] 4-State: Washington
2024-10-04 11:34:09,212 [INFO] 4-County: Pend Oreille
2024-10-04 11:34:09,212 [INFO] =========================================
2024-10-04 11:34:09,212 [INFO] =========================================
2024-10-04 11:34:09,212 [INFO] 5-Site name: PEND OREILLE RIVER BL Z CNYN NR METALINE FALLS, WA
2024-10-04 11:34:09,214 [INFO] 5-Site number: 12398500
2024-10-04 11:34:09,251 [INFO] 5-VPUID: 1701
2024-10-04 11:34:09,255 [INFO] 5-Coordinates: -117.35, 48.98
2024-10-04 11:34:09,257 [INFO] 5-State: Washington
2024-10-04 11:34:09,257 [INFO] 5-County: Pend Oreille
2024-10-04 11:34:09,257 [INFO] =========================================
2024-10-04 11:34:09,257 [INFO] =========================================
2024-10-04 11:34:09,257 [INFO] 6-Site name: BOUNDARY POWERPLANT TW NEAR METALINE FALLS, WA
2024-10-04 11:34:09,258 [INFO] 6-Site number: 12398560
2024-10-04 11:34:09,295 [INFO] 6-VPUID: 1701
2024-10-04 11:34:09,299 [INFO] 6-Coordinates: -117.35, 48.99
2024-10-04 11:34:09,300 [INFO] 6-State: Washington
2024-10-04 11:34:09,300 [INFO] 6-County: Pend Oreille
2024-10-04 11:34:09,301 [INFO] =========================================
2024-10-04 11:34:29,540 [INFO] =========================================
2024-10-04 11:34:29,540 [INFO] 1-Site name: SULLIVAN CREEK AB OUTLET CR NR METALINE FALLS, WA
2024-10-04 11:34:29,542 [INFO] 1-Site number: 12396900
2024-10-04 11:34:29,583 [INFO] 1-VPUID: 1701
2024-10-04 11:34:29,587 [INFO] 1-Coordinates: -117.29, 48.85
2024-10-04 11:34:29,608 [INFO] 1-State: Washington
2024-10-04 11:34:29,609 [INFO] 1-County: Pend Oreille
2024-10-04 11:34:29,609 [INFO] =========================================
2024-10-04 11:34:29,609 [INFO] =========================================
2024-10-04 11:34:29,609 [INFO] 2-Site name: OUTLET CREEK NEAR METALINE FALLS, WA
2024-10-04 11:34:29,610 [INFO] 2-Site number: 12397100
2024-10-04 11:34:29,648 [INFO] 2-VPUID: 1701
2024-10-04 11:34:29,652 [INFO] 2-Coordinates: -117.29, 48.84
2024-10-04 11:34:29,654 [INFO] 2-State: Washington
2024-10-04 11:34:29,654 [INFO] 2-County: Pend Oreille
2024-10-04 11:34:29,654 [INFO] =========================================
2024-10-04 11:34:29,654 [INFO] =========================================
2024-10-04 11:34:29,654 [INFO] 3-Site name: SULLIVAN CREEK NEAR METALINE FALLS, WA
2024-10-04 11:34:29,655 [INFO] 3-Site number: 12397500
2024-10-04 11:34:29,692 [INFO] 3-VPUID: 1701
2024-10-04 11:34:29,697 [INFO] 3-Coordinates: -117.29, 48.85
2024-10-04 11:34:29,698 [INFO] 3-State: Washington
2024-10-04 11:34:29,698 [INFO] 3-County: Pend Oreille
2024-10-04 11:34:29,698 [INFO] =========================================
2024-10-04 11:34:29,698 [INFO] =========================================
2024-10-04 11:34:29,698 [INFO] 4-Site name: SULLIVAN CREEK AT METALINE FALLS, WA
2024-10-04 11:34:29,700 [INFO] 4-Site number: 12398000
2024-10-04 11:34:29,736 [INFO] 4-VPUID: 1701
2024-10-04 11:34:29,741 [INFO] 4-Coordinates: -117.36, 48.86
2024-10-04 11:34:29,742 [INFO] 4-State: Washington
2024-10-04 11:34:29,742 [INFO] 4-County: Pend Oreille
2024-10-04 11:34:29,742 [INFO] =========================================
2024-10-04 11:34:29,742 [INFO] =========================================
2024-10-04 11:34:29,742 [INFO] 5-Site name: PEND OREILLE RIVER BL Z CNYN NR METALINE FALLS, WA
2024-10-04 11:34:29,744 [INFO] 5-Site number: 12398500
2024-10-04 11:34:29,780 [INFO] 5-VPUID: 1701
2024-10-04 11:34:29,784 [INFO] 5-Coordinates: -117.35, 48.98
2024-10-04 11:34:29,786 [INFO] 5-State: Washington
2024-10-04 11:34:29,786 [INFO] 5-County: Pend Oreille
2024-10-04 11:34:29,786 [INFO] =========================================
2024-10-04 11:34:29,786 [INFO] =========================================
2024-10-04 11:34:29,786 [INFO] 6-Site name: BOUNDARY POWERPLANT TW NEAR METALINE FALLS, WA
2024-10-04 11:34:29,788 [INFO] 6-Site number: 12398560
2024-10-04 11:34:29,824 [INFO] 6-VPUID: 1701
2024-10-04 11:34:29,828 [INFO] 6-Coordinates: -117.35, 48.99
2024-10-04 11:34:29,830 [INFO] 6-State: Washington
2024-10-04 11:34:29,830 [INFO] 6-County: Pend Oreille
2024-10-04 11:34:29,830 [INFO] =========================================
2024-10-04 11:34:38,467 [INFO] =========================================
2024-10-04 11:34:38,467 [INFO] 1-Site name: SULLIVAN CREEK AB OUTLET CR NR METALINE FALLS, WA
2024-10-04 11:34:38,469 [INFO] 1-Site number: 12396900
2024-10-04 11:34:38,510 [INFO] 1-VPUID: 1701
2024-10-04 11:34:38,514 [INFO] 1-Coordinates: -117.29, 48.85
2024-10-04 11:34:38,536 [INFO] 1-State: Washington
2024-10-04 11:34:38,536 [INFO] 1-County: Pend Oreille
2024-10-04 11:34:38,536 [INFO] =========================================
2024-10-04 11:34:38,536 [INFO] =========================================
2024-10-04 11:34:38,536 [INFO] 2-Site name: OUTLET CREEK NEAR METALINE FALLS, WA
2024-10-04 11:34:38,537 [INFO] 2-Site number: 12397100
2024-10-04 11:34:38,575 [INFO] 2-VPUID: 1701
2024-10-04 11:34:38,579 [INFO] 2-Coordinates: -117.29, 48.84
2024-10-04 11:34:38,581 [INFO] 2-State: Washington
2024-10-04 11:34:38,581 [INFO] 2-County: Pend Oreille
2024-10-04 11:34:38,581 [INFO] =========================================
2024-10-04 11:34:38,581 [INFO] =========================================
2024-10-04 11:34:38,581 [INFO] 3-Site name: SULLIVAN CREEK NEAR METALINE FALLS, WA
2024-10-04 11:34:38,582 [INFO] 3-Site number: 12397500
2024-10-04 11:34:38,619 [INFO] 3-VPUID: 1701
2024-10-04 11:34:38,624 [INFO] 3-Coordinates: -117.29, 48.85
2024-10-04 11:34:38,625 [INFO] 3-State: Washington
2024-10-04 11:34:38,625 [INFO] 3-County: Pend Oreille
2024-10-04 11:34:38,625 [INFO] =========================================
2024-10-04 11:34:38,625 [INFO] =========================================
2024-10-04 11:34:38,625 [INFO] 4-Site name: SULLIVAN CREEK AT METALINE FALLS, WA
2024-10-04 11:34:38,627 [INFO] 4-Site number: 12398000
2024-10-04 11:34:38,664 [INFO] 4-VPUID: 1701
2024-10-04 11:34:38,668 [INFO] 4-Coordinates: -117.36, 48.86
2024-10-04 11:34:38,670 [INFO] 4-State: Washington
2024-10-04 11:34:38,670 [INFO] 4-County: Pend Oreille
2024-10-04 11:34:38,670 [INFO] =========================================
2024-10-04 11:34:38,670 [INFO] =========================================
2024-10-04 11:34:38,670 [INFO] 5-Site name: PEND OREILLE RIVER BL Z CNYN NR METALINE FALLS, WA
2024-10-04 11:34:38,671 [INFO] 5-Site number: 12398500
2024-10-04 11:34:38,708 [INFO] 5-VPUID: 1701
2024-10-04 11:34:38,712 [INFO] 5-Coordinates: -117.35, 48.98
2024-10-04 11:34:38,714 [INFO] 5-State: Washington
2024-10-04 11:34:38,714 [INFO] 5-County: Pend Oreille
2024-10-04 11:34:38,714 [INFO] =========================================
2024-10-04 11:34:38,714 [INFO] =========================================
2024-10-04 11:34:38,714 [INFO] 6-Site name: BOUNDARY POWERPLANT TW NEAR METALINE FALLS, WA
2024-10-04 11:34:38,715 [INFO] 6-Site number: 12398560
2024-10-04 11:34:38,752 [INFO] 6-VPUID: 1701
2024-10-04 11:34:38,756 [INFO] 6-Coordinates: -117.35, 48.99
2024-10-04 11:34:38,758 [INFO] 6-State: Washington
2024-10-04 11:34:38,758 [INFO] 6-County: Pend Oreille
2024-10-04 11:34:38,758 [INFO] =========================================
2024-10-04 11:34:49,491 [INFO] =========================================
2024-10-04 11:34:49,491 [INFO] 1-Site name: SULLIVAN CREEK AB OUTLET CR NR METALINE FALLS, WA
2024-10-04 11:34:49,492 [INFO] 1-Site number: 12396900
2024-10-04 11:34:49,533 [INFO] 1-VPUID: 1701
2024-10-04 11:34:49,537 [INFO] 1-Coordinates: -117.29, 48.85
2024-10-04 11:34:49,559 [INFO] 1-State: Washington
2024-10-04 11:34:49,559 [INFO] 1-County: Pend Oreille
2024-10-04 11:34:49,559 [INFO] =========================================
2024-10-04 11:34:49,559 [INFO] =========================================
2024-10-04 11:34:49,559 [INFO] 2-Site name: OUTLET CREEK NEAR METALINE FALLS, WA
2024-10-04 11:34:49,560 [INFO] 2-Site number: 12397100
2024-10-04 11:34:49,598 [INFO] 2-VPUID: 1701
2024-10-04 11:34:49,602 [INFO] 2-Coordinates: -117.29, 48.84
2024-10-04 11:34:49,604 [INFO] 2-State: Washington
2024-10-04 11:34:49,604 [INFO] 2-County: Pend Oreille
2024-10-04 11:34:49,604 [INFO] =========================================
2024-10-04 11:34:49,604 [INFO] =========================================
2024-10-04 11:34:49,604 [INFO] 3-Site name: SULLIVAN CREEK NEAR METALINE FALLS, WA
2024-10-04 11:34:49,605 [INFO] 3-Site number: 12397500
2024-10-04 11:34:49,643 [INFO] 3-VPUID: 1701
2024-10-04 11:34:49,647 [INFO] 3-Coordinates: -117.29, 48.85
2024-10-04 11:34:49,649 [INFO] 3-State: Washington
2024-10-04 11:34:49,649 [INFO] 3-County: Pend Oreille
2024-10-04 11:34:49,649 [INFO] =========================================
2024-10-04 11:34:49,649 [INFO] =========================================
2024-10-04 11:34:49,649 [INFO] 4-Site name: SULLIVAN CREEK AT METALINE FALLS, WA
2024-10-04 11:34:49,650 [INFO] 4-Site number: 12398000
2024-10-04 11:34:49,688 [INFO] 4-VPUID: 1701
2024-10-04 11:34:49,692 [INFO] 4-Coordinates: -117.36, 48.86
2024-10-04 11:34:49,694 [INFO] 4-State: Washington
2024-10-04 11:34:49,694 [INFO] 4-County: Pend Oreille
2024-10-04 11:34:49,694 [INFO] =========================================
2024-10-04 11:34:49,694 [INFO] =========================================
2024-10-04 11:34:49,694 [INFO] 5-Site name: PEND OREILLE RIVER BL Z CNYN NR METALINE FALLS, WA
2024-10-04 11:34:49,695 [INFO] 5-Site number: 12398500
2024-10-04 11:34:49,733 [INFO] 5-VPUID: 1701
2024-10-04 11:34:49,737 [INFO] 5-Coordinates: -117.35, 48.98
2024-10-04 11:34:49,739 [INFO] 5-State: Washington
2024-10-04 11:34:49,739 [INFO] 5-County: Pend Oreille
2024-10-04 11:34:49,739 [INFO] =========================================
2024-10-04 11:34:49,739 [INFO] =========================================
2024-10-04 11:34:49,739 [INFO] 6-Site name: BOUNDARY POWERPLANT TW NEAR METALINE FALLS, WA
2024-10-04 11:34:49,740 [INFO] 6-Site number: 12398560
2024-10-04 11:34:49,778 [INFO] 6-VPUID: 1701
2024-10-04 11:34:49,782 [INFO] 6-Coordinates: -117.35, 48.99
2024-10-04 11:34:49,784 [INFO] 6-State: Washington
2024-10-04 11:34:49,784 [INFO] 6-County: Pend Oreille
2024-10-04 11:34:49,784 [INFO] =========================================
