Logging to /data/SWATGenXApp/codes/web_application/logs/WebAppLogger.log
Search site route called
Get Station Characteristics route called
Station number: 06890500
Station 06890500 found
characteristics: {'SiteNumber': '06890500', 'Drainage area (sqkm)': 2463.22, 'Number of expected records (1999-2022)': 8402, 'Streamflow records gap (1999-2022) (%)': 100.0, 'SiteName': '---', 'Status': '---', 'USGSFunding': '---', 'HUC12 id of the station': 102701030503, 'HUC12 ids of the watershed': "['102701030408', '102701030501', '102701030502', '102701030308', '102701030405', '102701030401', '102701030406', '102701030407', '102701030402', '102701030307', '102701030303', '102701030205', '102701030304', '102701030305', '102701030306', '102701030302', '102701030301', '102701030203', '102701030204', '102701030110', '102701030202', '102701030201', '102701030109', '102701030106', '102701030108', '102701030107', '102701030105', '102701030102', '102701030103', '102701030104', '102701030101', '102701030403', '102701030404', '102701030503']", 'site_no': '06890500', 'Latitude': 39.35, 'Longitude': -95.45, 'huc_cd': 10270103.0}
Model Settings route called
Form validated successfully
Model settings received: 06890500, 250, 30, False, False, False, 50, 180, 1000, 10, 25, 25
Model creation process started
Logging to /data/SWATGenXApp/codes/web_application/logs/WebAppLogger.log
Logging to /data/SWATGenXApp/codes/web_application/logs/WebAppLogger.log
2025-01-18 00:01:28,975 - INFO - Configuration: {'BASE_PATH': '/data/SWATGenXApp/GenXAppData/', 'LEVEL': 'huc12', 'MAX_AREA': 5000, 'MIN_AREA': 10, 'GAP_percent': 10, 'landuse_product': 'NLCD', 'landuse_epoch': '2021', 'ls_resolution': 250, 'dem_resolution': 30, 'station_name': '06890500', 'MODEL_NAME': 'SWAT_MODEL_Web_Application', 'single_model': True, 'sensitivity_flag': False, 'calibration_flag': False, 'verification_flag': False, 'START_YEAR': 2015, 'END_YEAR': 2022, 'nyskip': 3, 'sen_total_evaluations': 1000, 'sen_pool_size': 180, 'num_levels': 10, 'cal_pool_size': 50, 'max_cal_iterations': 25, 'termination_tolerance': 10, 'epsilon': 0.0001, 'Ver_START_YEAR': 2004, 'Ver_END_YEAR': 2022, 'Ver_nyskip': 3, 'range_reduction_flag': False, 'pet': 2, 'cn': 1, 'no_value': 1000000.0, 'verification_samples': 25}
2025-01-18 00:01:28,975 - INFO - Configuration: {'BASE_PATH': '/data/SWATGenXApp/GenXAppData/', 'LEVEL': 'huc12', 'MAX_AREA': 5000, 'MIN_AREA': 10, 'GAP_percent': 10, 'landuse_product': 'NLCD', 'landuse_epoch': '2021', 'ls_resolution': 250, 'dem_resolution': 30, 'station_name': '06890500', 'MODEL_NAME': 'SWAT_MODEL_Web_Application', 'single_model': True, 'sensitivity_flag': False, 'calibration_flag': False, 'verification_flag': False, 'START_YEAR': 2015, 'END_YEAR': 2022, 'nyskip': 3, 'sen_total_evaluations': 1000, 'sen_pool_size': 180, 'num_levels': 10, 'cal_pool_size': 50, 'max_cal_iterations': 25, 'termination_tolerance': 10, 'epsilon': 0.0001, 'Ver_START_YEAR': 2004, 'Ver_END_YEAR': 2022, 'Ver_nyskip': 3, 'range_reduction_flag': False, 'pet': 2, 'cn': 1, 'no_value': 1000000.0, 'verification_samples': 25}
Model Confirmation route called
Model Settings route called
Search site route called
Get Station Characteristics route called
Station number: 13159800
Station 13159800 found
characteristics: {'SiteNumber': '13159800', 'Drainage area (sqkm)': 333.7, 'Number of expected records (1999-2022)': 8402, 'Streamflow records gap (1999-2022) (%)': 0.0, 'SiteName': '---', 'Status': '---', 'USGSFunding': '---', 'HUC12 id of the station': 170501011004, 'HUC12 ids of the watershed': "['170501011002', '170501011001', '170501011003', '170501011004']", 'site_no': '13159800', 'Latitude': 43.26, 'Longitude': -115.7, 'huc_cd': 17050101.0}
Model Settings route called
Form validated successfully
Model settings received: 13159800, 250, 30, False, False, False, 50, 180, 1000, 10, 25, 25
Model creation process started
Model Confirmation route called
Logging to /data/SWATGenXApp/codes/web_application/logs/WebAppLogger.log
Logging to /data/SWATGenXApp/codes/web_application/logs/WebAppLogger.log
2025-01-18 00:05:41,061 - INFO - Configuration: {'BASE_PATH': '/data/SWATGenXApp/GenXAppData/', 'LEVEL': 'huc12', 'MAX_AREA': 5000, 'MIN_AREA': 10, 'GAP_percent': 10, 'landuse_product': 'NLCD', 'landuse_epoch': '2021', 'ls_resolution': 250, 'dem_resolution': 30, 'station_name': '13159800', 'MODEL_NAME': 'SWAT_MODEL_Web_Application', 'single_model': True, 'sensitivity_flag': False, 'calibration_flag': False, 'verification_flag': False, 'START_YEAR': 2015, 'END_YEAR': 2022, 'nyskip': 3, 'sen_total_evaluations': 1000, 'sen_pool_size': 180, 'num_levels': 10, 'cal_pool_size': 50, 'max_cal_iterations': 25, 'termination_tolerance': 10, 'epsilon': 0.0001, 'Ver_START_YEAR': 2004, 'Ver_END_YEAR': 2022, 'Ver_nyskip': 3, 'range_reduction_flag': False, 'pet': 2, 'cn': 1, 'no_value': 1000000.0, 'verification_samples': 25}
2025-01-18 00:05:41,061 - INFO - Configuration: {'BASE_PATH': '/data/SWATGenXApp/GenXAppData/', 'LEVEL': 'huc12', 'MAX_AREA': 5000, 'MIN_AREA': 10, 'GAP_percent': 10, 'landuse_product': 'NLCD', 'landuse_epoch': '2021', 'ls_resolution': 250, 'dem_resolution': 30, 'station_name': '13159800', 'MODEL_NAME': 'SWAT_MODEL_Web_Application', 'single_model': True, 'sensitivity_flag': False, 'calibration_flag': False, 'verification_flag': False, 'START_YEAR': 2015, 'END_YEAR': 2022, 'nyskip': 3, 'sen_total_evaluations': 1000, 'sen_pool_size': 180, 'num_levels': 10, 'cal_pool_size': 50, 'max_cal_iterations': 25, 'termination_tolerance': 10, 'epsilon': 0.0001, 'Ver_START_YEAR': 2004, 'Ver_END_YEAR': 2022, 'Ver_nyskip': 3, 'range_reduction_flag': False, 'pet': 2, 'cn': 1, 'no_value': 1000000.0, 'verification_samples': 25}
Home route called, user is authenticated.
